<?xml version="1.0" encoding="UTF-8"?>
<robot generator="Robot 7.0 (Python 3.11.5 on win32)" generated="2024-04-19T14:23:42.231655" rpa="false" schemaversion="5">
<suite id="s1" name="ValoriWebShopTests" source="c:\ValoriRobotFrameWorkProject\Robot-Framework\Tests\ValoriWebShopTests.robot">
<test id="s1-t1" name="TC_WS_010 Should be able to place an order and go to own address" line="81">
<kw name="Start web test" owner="Common" type="SETUP">
<kw name="Set Selenium Speed" owner="SeleniumLibrary">
<arg>.00001s</arg>
<doc>Sets the delay that is waited after each Selenium command.</doc>
<status status="PASS" start="2024-04-19T14:23:42.998056" elapsed="0.000000"/>
</kw>
<kw name="Set Selenium Timeout" owner="SeleniumLibrary">
<arg>3s</arg>
<doc>Sets the timeout that is used by various keywords.</doc>
<status status="PASS" start="2024-04-19T14:23:42.998056" elapsed="0.000000"/>
</kw>
<kw name="Log" owner="BuiltIn">
<msg time="2024-04-19T14:23:42.998056" level="INFO">Starting the test case!</msg>
<arg>Starting the test case!</arg>
<doc>Logs the given message with the given level.</doc>
<status status="PASS" start="2024-04-19T14:23:42.998056" elapsed="0.000000"/>
</kw>
<kw name="Open Browser" owner="SeleniumLibrary">
<msg time="2024-04-19T14:23:42.998056" level="INFO">Opening browser 'chrome' to base url 'about:blank'.</msg>
<msg time="2024-04-19T14:23:43.488530" level="WARN">The chromedriver version (123.0.6312.122) detected in PATH at C:\bin\chromedriver.exe might not be compatible with the detected chrome version (124.0.6367.61); currently, chromedriver 124.0.6367.60 is recommended for chrome 124.*, so it is advised to delete the driver in PATH and retry</msg>
<arg>about:blank</arg>
<arg>${BROWSER}</arg>
<doc>Opens a new browser instance to the optional ``url``.</doc>
<status status="PASS" start="2024-04-19T14:23:42.998056" elapsed="1.626878"/>
</kw>
<kw name="Go To" owner="SeleniumLibrary">
<msg time="2024-04-19T14:23:44.624934" level="INFO">Opening url 'https://www.valoriwebshop.nl'</msg>
<arg>${URL}</arg>
<doc>Navigates the current browser window to the provided ``url``.</doc>
<status status="PASS" start="2024-04-19T14:23:44.624934" elapsed="1.358711"/>
</kw>
<kw name="Maximize Browser Window" owner="SeleniumLibrary">
<doc>Maximizes current browser window.</doc>
<status status="PASS" start="2024-04-19T14:23:45.984152" elapsed="0.120381"/>
</kw>
<status status="PASS" start="2024-04-19T14:23:42.998056" elapsed="3.106477"/>
</kw>
<kw name="Sign in to Valori Webshop" owner="ValoriWebShop">
<kw name="Click Sign In Link" owner="TopNav">
<kw name="Click Element" owner="SeleniumLibrary">
<msg time="2024-04-19T14:23:46.106368" level="INFO">Clicking element 'xpath=//div[@id='_desktop_user_info']/div/a/i'.</msg>
<arg>${TOP_NAV_SIGN_IN_LINK}</arg>
<doc>Click the element identified by ``locator``.</doc>
<status status="PASS" start="2024-04-19T14:23:46.106368" elapsed="0.586714"/>
</kw>
<status status="PASS" start="2024-04-19T14:23:46.106368" elapsed="0.587449"/>
</kw>
<kw name="Verify Sign In Page Loaded" owner="SignInPage">
<kw name="Wait Until Page Contains Element" owner="SeleniumLibrary">
<arg>${SIGN_IN_PAGE_HEADER}</arg>
<doc>Waits until the element ``locator`` appears on the current page.</doc>
<status status="PASS" start="2024-04-19T14:23:46.694355" elapsed="0.020245"/>
</kw>
<kw name="Page Should Contain Element" owner="SeleniumLibrary">
<msg time="2024-04-19T14:23:46.723829" level="INFO">Current page contains element 'xpath=//*[@id="main"]/header/h1'.</msg>
<arg>${SIGN_IN_PAGE_HEADER}</arg>
<doc>Verifies that element ``locator`` is found on the current page.</doc>
<status status="PASS" start="2024-04-19T14:23:46.715117" elapsed="0.008712"/>
</kw>
<status status="PASS" start="2024-04-19T14:23:46.694355" elapsed="0.029474"/>
</kw>
<kw name="Enter email" owner="SignInPage">
<kw name="Input Text" owner="SeleniumLibrary">
<msg time="2024-04-19T14:23:46.724836" level="INFO">Typing text 'Replicant@tyrell.com' into text field 'name=email'.</msg>
<arg>${SIGN_IN_PAGE_EMAIL_BOX}</arg>
<arg>${email}</arg>
<doc>Types the given ``text`` into the text field identified by ``locator``.</doc>
<status status="PASS" start="2024-04-19T14:23:46.724836" elapsed="0.104539"/>
</kw>
<arg>${email}</arg>
<status status="PASS" start="2024-04-19T14:23:46.724836" elapsed="0.104836"/>
</kw>
<kw name="Enter password" owner="SignInPage">
<kw name="Input Text" owner="SeleniumLibrary">
<msg time="2024-04-19T14:23:46.829672" level="INFO">Typing text 'TearsInRain' into text field 'name=password'.</msg>
<arg>${SIGN_IN_PAGE_PASSWORD_BOX}</arg>
<arg>${password}</arg>
<doc>Types the given ``text`` into the text field identified by ``locator``.</doc>
<status status="PASS" start="2024-04-19T14:23:46.829672" elapsed="0.069378"/>
</kw>
<arg>${password}</arg>
<status status="PASS" start="2024-04-19T14:23:46.829672" elapsed="0.069378"/>
</kw>
<kw name="click sign in" owner="SignInPage">
<kw name="Click Button" owner="SeleniumLibrary">
<msg time="2024-04-19T14:23:46.900080" level="INFO">Clicking button 'id=submit-login'.</msg>
<arg>${SIGN_IN_BUTTON}</arg>
<doc>Clicks the button identified by ``locator``.</doc>
<status status="PASS" start="2024-04-19T14:23:46.899050" elapsed="1.165414"/>
</kw>
<status status="PASS" start="2024-04-19T14:23:46.899050" elapsed="1.165414"/>
</kw>
<kw name="Click Logged in user link" owner="TopNav">
<kw name="Wait Until Page Contains Element" owner="SeleniumLibrary">
<arg>${TOP_NAV_LOGGED_IN_USER}</arg>
<doc>Waits until the element ``locator`` appears on the current page.</doc>
<status status="PASS" start="2024-04-19T14:23:48.065470" elapsed="0.012619"/>
</kw>
<kw name="Click Element" owner="SeleniumLibrary">
<msg time="2024-04-19T14:23:48.078089" level="INFO">Clicking element 'xpath=//*[@id="_desktop_user_info"]/div/a[2]/span'.</msg>
<arg>${TOP_NAV_LOGGED_IN_USER}</arg>
<doc>Click the element identified by ``locator``.</doc>
<status status="PASS" start="2024-04-19T14:23:48.078089" elapsed="0.534018"/>
</kw>
<status status="PASS" start="2024-04-19T14:23:48.064464" elapsed="0.547970"/>
</kw>
<kw name="Verify Account Page Loaded" owner="AccountPage">
<kw name="Wait Until Page Contains Element" owner="SeleniumLibrary">
<arg>${ACCOUNT_PAGE_HEADER}</arg>
<doc>Waits until the element ``locator`` appears on the current page.</doc>
<status status="PASS" start="2024-04-19T14:23:48.613183" elapsed="0.023166"/>
</kw>
<kw name="Page Should Contain Element" owner="SeleniumLibrary">
<msg time="2024-04-19T14:23:48.645851" level="INFO">Current page contains element 'xpath=//*[@id="main"]/header[contains(@class, 'page-header')]/h1[normalize-space()='Your account']'.</msg>
<arg>${ACCOUNT_PAGE_HEADER}</arg>
<doc>Verifies that element ``locator`` is found on the current page.</doc>
<status status="PASS" start="2024-04-19T14:23:48.637362" elapsed="0.008489"/>
</kw>
<status status="PASS" start="2024-04-19T14:23:48.612434" elapsed="0.033417"/>
</kw>
<arg>${VALID_EMAIL}</arg>
<arg>${VALID_PASSWORD}</arg>
<status status="PASS" start="2024-04-19T14:23:46.105314" elapsed="2.540537"/>
</kw>
<kw name="Place an order and go to own address" owner="ValoriWebShop">
<kw name="Click on &quot;YOUR ACCOUNT&quot; Link" owner="FooterNav">
<kw name="Click Link" owner="SeleniumLibrary">
<msg time="2024-04-19T14:23:48.647874" level="INFO">Clicking link 'xpath=//*[@id="block_myaccount_infos"]/p/a'.</msg>
<arg>${FOOTER_NAV_YOUR_ACCOUNT_LINK}</arg>
<doc>Clicks a link identified by ``locator``.</doc>
<status status="PASS" start="2024-04-19T14:23:48.646874" elapsed="0.421936"/>
</kw>
<status status="PASS" start="2024-04-19T14:23:48.646874" elapsed="0.421936"/>
</kw>
<kw name="Verify Account Page Loaded" owner="AccountPage">
<kw name="Wait Until Page Contains Element" owner="SeleniumLibrary">
<arg>${ACCOUNT_PAGE_HEADER}</arg>
<doc>Waits until the element ``locator`` appears on the current page.</doc>
<status status="PASS" start="2024-04-19T14:23:49.068810" elapsed="0.015474"/>
</kw>
<kw name="Page Should Contain Element" owner="SeleniumLibrary">
<msg time="2024-04-19T14:23:49.091864" level="INFO">Current page contains element 'xpath=//*[@id="main"]/header[contains(@class, 'page-header')]/h1[normalize-space()='Your account']'.</msg>
<arg>${ACCOUNT_PAGE_HEADER}</arg>
<doc>Verifies that element ``locator`` is found on the current page.</doc>
<status status="PASS" start="2024-04-19T14:23:49.084284" elapsed="0.007580"/>
</kw>
<status status="PASS" start="2024-04-19T14:23:49.068810" elapsed="0.023054"/>
</kw>
<kw name="Run Keyword And Return Status" owner="BuiltIn">
<kw name="Page Should Contain Element" owner="SeleniumLibrary">
<msg time="2024-04-19T14:23:49.305103" level="INFO" html="true">&lt;/td&gt;&lt;/tr&gt;&lt;tr&gt;&lt;td colspan="3"&gt;&lt;a href="selenium-screenshot-7.png"&gt;&lt;img src="selenium-screenshot-7.png" width="800px"&gt;&lt;/a&gt;</msg>
<msg time="2024-04-19T14:23:49.305103" level="FAIL">Page should have contained element 'xpath=//*[@id="address-link"]/span' but did not.</msg>
<arg>${ACCOUNT_PAGE_ADD_FIRST_ADDRESS_ELEMENT}</arg>
<doc>Verifies that element ``locator`` is found on the current page.</doc>
<status status="FAIL" start="2024-04-19T14:23:49.092458" elapsed="0.213691">Page should have contained element 'xpath=//*[@id="address-link"]/span' but did not.</status>
</kw>
<msg time="2024-04-19T14:23:49.307200" level="INFO">${create_address_link_visible} = False</msg>
<var>${create_address_link_visible}</var>
<arg>Page Should Contain Element</arg>
<arg>${ACCOUNT_PAGE_ADD_FIRST_ADDRESS_ELEMENT}</arg>
<doc>Runs the given keyword with given arguments and returns the status as a Boolean value.</doc>
<status status="PASS" start="2024-04-19T14:23:49.092458" elapsed="0.214742"/>
</kw>
<kw name="Run Keyword If" owner="BuiltIn">
<kw name="Click &quot;Addresses&quot; Element" owner="AccountPage">
<kw name="Click Element" owner="SeleniumLibrary">
<msg time="2024-04-19T14:23:49.308154" level="INFO">Clicking element 'xpath=//section/div/div/a[2]/span'.</msg>
<arg>${ACCOUNT_PAGE_ADDRESSES_ELEMENT}</arg>
<doc>Click the element identified by ``locator``.</doc>
<status status="PASS" start="2024-04-19T14:23:49.308154" elapsed="0.478441"/>
</kw>
<status status="PASS" start="2024-04-19T14:23:49.307200" elapsed="0.479641"/>
</kw>
<arg>${create_address_link_visible}</arg>
<arg>AccountPage.Click "Add First Address" Element</arg>
<arg>ELSE</arg>
<arg>AccountPage.Click "Addresses" element</arg>
<doc>Runs the given keyword with the given arguments, if ``condition`` is true.</doc>
<status status="PASS" start="2024-04-19T14:23:49.307200" elapsed="0.479641"/>
</kw>
<kw name="Run Keyword And Ignore Error" owner="BuiltIn">
<kw name="Click &quot;Create new address&quot; Element" owner="AccountAddressPage">
<kw name="Click Element" owner="SeleniumLibrary">
<msg time="2024-04-19T14:23:49.788295" level="INFO">Clicking element 'xpath=//span[contains(.,'Create new address')]'.</msg>
<arg>${ACCOUNT_ADDRESS_PAGE_CREATE_NEW_ADDRESS_ELEMENT}</arg>
<doc>Click the element identified by ``locator``.</doc>
<status status="PASS" start="2024-04-19T14:23:49.787285" elapsed="0.766608"/>
</kw>
<status status="PASS" start="2024-04-19T14:23:49.787285" elapsed="0.766608"/>
</kw>
<arg>AccountAddressPage.Click "Create new address" Element</arg>
<doc>Runs the given keyword with the given arguments and ignores possible error.</doc>
<status status="PASS" start="2024-04-19T14:23:49.787204" elapsed="0.767250"/>
</kw>
<kw name="Verify New Address Page Loaded" owner="NewAddressPage">
<kw name="Wait Until Page Contains" owner="SeleniumLibrary">
<arg>${NEW_ADDRESS_PAGE_HEADER}</arg>
<doc>Waits until ``text`` appears on the current page.</doc>
<status status="PASS" start="2024-04-19T14:23:50.555537" elapsed="0.018959"/>
</kw>
<kw name="Page Should Contain" owner="SeleniumLibrary">
<msg time="2024-04-19T14:23:50.587553" level="INFO">Current page contains text 'New address'.</msg>
<arg>${NEW_ADDRESS_PAGE_HEADER}</arg>
<doc>Verifies that current page contains ``text``.</doc>
<status status="PASS" start="2024-04-19T14:23:50.574496" elapsed="0.013543"/>
</kw>
<status status="PASS" start="2024-04-19T14:23:50.554525" elapsed="0.033514"/>
</kw>
<kw name="Enter All Address Fields &quot;France&quot;" owner="NewAddressPage">
<kw name="Input Text" owner="SeleniumLibrary">
<msg time="2024-04-19T14:23:50.590079" level="INFO">Typing text 'Rue de Test 1' into text field 'name=address1'.</msg>
<arg>${NEW_ADDRESS_PAGE_ADDRESS_BOX}</arg>
<arg>${ADDRESS_CREATE_NEW_ADDRESS_FR}</arg>
<doc>Types the given ``text`` into the text field identified by ``locator``.</doc>
<status status="PASS" start="2024-04-19T14:23:50.590079" elapsed="0.074038"/>
</kw>
<kw name="Input Text" owner="SeleniumLibrary">
<msg time="2024-04-19T14:23:50.664406" level="INFO">Typing text '12345' into text field 'name=postcode'.</msg>
<arg>${NEW_ADDRESS_PAGE_POSTAL_CODE_BOX}</arg>
<arg>${POSTAL_CODE_FR_CREATE_NEW_ADDRESS}</arg>
<doc>Types the given ``text`` into the text field identified by ``locator``.</doc>
<status status="PASS" start="2024-04-19T14:23:50.664406" elapsed="0.070127"/>
</kw>
<kw name="Input Text" owner="SeleniumLibrary">
<msg time="2024-04-19T14:23:50.735075" level="INFO">Typing text 'Testville' into text field 'name=city'.</msg>
<arg>${NEW_ADDRESS_PAGE_CITY_BOX}</arg>
<arg>${CITY_CREATE_NEW_ADDRESS_FR}</arg>
<doc>Types the given ``text`` into the text field identified by ``locator``.</doc>
<status status="PASS" start="2024-04-19T14:23:50.734533" elapsed="0.064532"/>
</kw>
<kw name="Select From List By Label" owner="SeleniumLibrary">
<msg time="2024-04-19T14:23:50.799584" level="INFO">Selecting options from selection list 'name=id_country' by label France.</msg>
<arg>${NEW_ADDRESS_PAGE_COUNTRY_DROPDOWN}</arg>
<arg>${COUNTRY_FRANCE_CREATE_NEW_ADDRESS}</arg>
<doc>Selects options from selection list ``locator`` by ``labels``.</doc>
<status status="PASS" start="2024-04-19T14:23:50.799065" elapsed="0.068183"/>
</kw>
<status status="PASS" start="2024-04-19T14:23:50.589065" elapsed="0.278183"/>
</kw>
<kw name="Click &quot;Save&quot; button" owner="NewAddressPage">
<kw name="Run Keyword And Ignore Error" owner="BuiltIn">
<kw name="Click &quot;Save&quot; Button Action" owner="NewAddressPage">
<kw name="Click Element" owner="SeleniumLibrary">
<msg time="2024-04-19T14:23:50.868282" level="INFO">Clicking element 'xpath=//*[@id="content"]/div/div/form/footer/button'.</msg>
<arg>${NEW_ADDRESS_PAGE_SAVE_BUTTON}</arg>
<doc>Click the element identified by ``locator``.</doc>
<status status="PASS" start="2024-04-19T14:23:50.868282" elapsed="0.774217"/>
</kw>
<status status="PASS" start="2024-04-19T14:23:50.868282" elapsed="0.774217"/>
</kw>
<arg>NewAddressPage.Click "Save" Button Action</arg>
<doc>Runs the given keyword with the given arguments and ignores possible error.</doc>
<status status="PASS" start="2024-04-19T14:23:50.867248" elapsed="0.775251"/>
</kw>
<kw name="Run Keyword And Ignore Error" owner="BuiltIn">
<kw name="Click &quot;Save&quot; Button Again Action" owner="NewAddressPage">
<kw name="Click Element" owner="SeleniumLibrary">
<msg time="2024-04-19T14:23:51.644326" level="INFO">Clicking element 'xpath=//*[@id="content"]/div/div/form/footer/button'.</msg>
<msg time="2024-04-19T14:23:51.822276" level="INFO" html="true">&lt;/td&gt;&lt;/tr&gt;&lt;tr&gt;&lt;td colspan="3"&gt;&lt;a href="selenium-screenshot-8.png"&gt;&lt;img src="selenium-screenshot-8.png" width="800px"&gt;&lt;/a&gt;</msg>
<msg time="2024-04-19T14:23:51.823287" level="FAIL">Element with locator 'xpath=//*[@id="content"]/div/div/form/footer/button' not found.</msg>
<arg>${NEW_ADDRESS_PAGE_SAVE_BUTTON}</arg>
<doc>Click the element identified by ``locator``.</doc>
<status status="FAIL" start="2024-04-19T14:23:51.644326" elapsed="0.179947">Element with locator 'xpath=//*[@id="content"]/div/div/form/footer/button' not found.</status>
</kw>
<status status="FAIL" start="2024-04-19T14:23:51.642499" elapsed="0.181774">Element with locator 'xpath=//*[@id="content"]/div/div/form/footer/button' not found.</status>
</kw>
<arg>NewAddressPage.Click "Save" Button Again Action</arg>
<doc>Runs the given keyword with the given arguments and ignores possible error.</doc>
<status status="PASS" start="2024-04-19T14:23:51.642499" elapsed="0.181774"/>
</kw>
<status status="PASS" start="2024-04-19T14:23:50.867248" elapsed="0.957025"/>
</kw>
<kw name="Verify &quot;Address succesfully added!&quot; message is displayed" owner="AccountAddressPage">
<kw name="Wait Until Page Contains Element" owner="SeleniumLibrary">
<arg>${ACCOUNT_ADDRESS_PAGE_ADDRESS_ADDED_MESSAGE}</arg>
<doc>Waits until the element ``locator`` appears on the current page.</doc>
<status status="PASS" start="2024-04-19T14:23:51.824273" elapsed="0.012348"/>
</kw>
<kw name="Page Should Contain Element" owner="SeleniumLibrary">
<msg time="2024-04-19T14:23:51.845169" level="INFO">Current page contains element 'xpath=//*[@id="notifications"]/div/article/ul/li'.</msg>
<arg>${ACCOUNT_ADDRESS_PAGE_ADDRESS_ADDED_MESSAGE}</arg>
<doc>Verifies that element ``locator`` is found on the current page.</doc>
<status status="PASS" start="2024-04-19T14:23:51.836621" elapsed="0.009060"/>
</kw>
<status status="PASS" start="2024-04-19T14:23:51.824273" elapsed="0.021408"/>
</kw>
<kw name="Click &quot;Clothes&quot; Dropdown" owner="TopNav">
<kw name="Click Element" owner="SeleniumLibrary">
<msg time="2024-04-19T14:23:51.846692" level="INFO">Clicking element 'xpath=//*[@id="category-3"]/a'.</msg>
<arg>${TOP_NAV_CLOTHES_DROPDOWN}</arg>
<doc>Click the element identified by ``locator``.</doc>
<status status="PASS" start="2024-04-19T14:23:51.845681" elapsed="0.854283"/>
</kw>
<status status="PASS" start="2024-04-19T14:23:51.845681" elapsed="0.854283"/>
</kw>
<kw name="Verify &quot;Clothes&quot; Products Page Loaded" owner="ClothesProductsPage">
<kw name="Wait Until Page Contains Element" owner="SeleniumLibrary">
<arg>${CLOTHES_PRODUCTS_PAGE_HEADER}</arg>
<doc>Waits until the element ``locator`` appears on the current page.</doc>
<status status="PASS" start="2024-04-19T14:23:52.700972" elapsed="0.015028"/>
</kw>
<kw name="Page Should Contain Element" owner="SeleniumLibrary">
<msg time="2024-04-19T14:23:52.726217" level="INFO">Current page contains element 'xpath=//*[@id="js-product-list-header"]/div/h1'.</msg>
<arg>${CLOTHES_PRODUCTS_PAGE_HEADER}</arg>
<doc>Verifies that element ``locator`` is found on the current page.</doc>
<status status="PASS" start="2024-04-19T14:23:52.716000" elapsed="0.010217"/>
</kw>
<status status="PASS" start="2024-04-19T14:23:52.699964" elapsed="0.026253"/>
</kw>
<kw name="Click &quot;Hummingbird Printed T-shirt&quot; Picture" owner="ClothesProductsPage">
<kw name="Click Element" owner="SeleniumLibrary">
<msg time="2024-04-19T14:23:52.727739" level="INFO">Clicking element 'xpath=//img[@alt='Hummingbird printed t-shirt']'.</msg>
<arg>${CLOTHES_PRODUCTS_PAGE_TSHIRT_PICTURE}</arg>
<doc>Click the element identified by ``locator``.</doc>
<status status="PASS" start="2024-04-19T14:23:52.727739" elapsed="0.878483"/>
</kw>
<status status="PASS" start="2024-04-19T14:23:52.726217" elapsed="0.880005"/>
</kw>
<kw name="Verify &quot;Hummingbird Printed T-shirt&quot; Product Page Loaded" owner="SingleProductPage">
<kw name="Wait Until Page Contains Element" owner="SeleniumLibrary">
<arg>${SINGLE_PRODUCT_PAGE_HUMMINGBIRD_TSHIRT_HEADER}</arg>
<doc>Waits until the element ``locator`` appears on the current page.</doc>
<status status="PASS" start="2024-04-19T14:23:53.607287" elapsed="0.015271"/>
</kw>
<kw name="Page Should Contain Element" owner="SeleniumLibrary">
<msg time="2024-04-19T14:23:53.635926" level="INFO">Current page contains element 'xpath=//*[@id="main"]/div[1]/div[2]/h1'.</msg>
<arg>${SINGLE_PRODUCT_PAGE_HUMMINGBIRD_TSHIRT_HEADER}</arg>
<doc>Verifies that element ``locator`` is found on the current page.</doc>
<status status="PASS" start="2024-04-19T14:23:53.622558" elapsed="0.013368"/>
</kw>
<status status="PASS" start="2024-04-19T14:23:53.606222" elapsed="0.029704"/>
</kw>
<kw name="Select &quot;Size M&quot; dropdown" owner="SingleProductPage">
<kw name="Select From List By Label" owner="SeleniumLibrary">
<msg time="2024-04-19T14:23:53.638142" level="INFO">Selecting options from selection list 'id=group_1' by label M.</msg>
<arg>${SINGLE_PRODUCT_PAGE_SIZE_DROPDOWN}</arg>
<arg>${SINGLE_PRODUCT_PAGE_SIZE_DROPDOWN_OPTION_MEDIUM}</arg>
<doc>Selects options from selection list ``locator`` by ``labels``.</doc>
<status status="PASS" start="2024-04-19T14:23:53.638142" elapsed="0.068239"/>
</kw>
<status status="PASS" start="2024-04-19T14:23:53.637144" elapsed="0.069237"/>
</kw>
<kw name="Click &quot;Color&quot; Black Radio Buttton" owner="SingleProductPage">
<kw name="Click Element" owner="SeleniumLibrary">
<msg time="2024-04-19T14:23:53.707930" level="INFO">Clicking element 'css=.float-xs-left:nth-child(2) .input-color'.</msg>
<arg>${SINGLE_PRODUCT_PAGE_COLOR_BLACK_RADIO_BUTTON}</arg>
<doc>Click the element identified by ``locator``.</doc>
<status status="PASS" start="2024-04-19T14:23:53.706918" elapsed="0.045691"/>
</kw>
<status status="PASS" start="2024-04-19T14:23:53.706918" elapsed="0.045691"/>
</kw>
<kw name="Select &quot;Quantity&quot; &quot;2&quot; from Dropdown" owner="SingleProductPage">
<kw name="Input Text" owner="SeleniumLibrary">
<msg time="2024-04-19T14:23:53.753621" level="INFO">Typing text '2' into text field 'id=quantity_wanted'.</msg>
<arg>${SINGLE_PRODUCT_PAGE_QUANTITY_FIELD}</arg>
<arg>${PRODUCT_QUANTITY_OPTION_2}</arg>
<doc>Types the given ``text`` into the text field identified by ``locator``.</doc>
<status status="PASS" start="2024-04-19T14:23:53.753621" elapsed="0.073517"/>
</kw>
<status status="PASS" start="2024-04-19T14:23:53.752609" elapsed="0.074529"/>
</kw>
<kw name="Click &quot;Add to cart&quot; button" owner="SingleProductPage">
<kw name="Mouse Down" owner="SeleniumLibrary">
<msg time="2024-04-19T14:23:53.828164" level="INFO">Simulating Mouse Down on element 'xpath=//*[@id="add-to-cart-or-refresh"]/div[2]/div/div[2]/button'.</msg>
<arg>${SINGLE_PRODUCT_PAGE_ADD_TO_CART_BUTTON}</arg>
<doc>Simulates pressing the left mouse button on the element ``locator``.</doc>
<status status="PASS" start="2024-04-19T14:23:53.828164" elapsed="0.282198"/>
</kw>
<kw name="Click Button" owner="SeleniumLibrary">
<msg time="2024-04-19T14:23:54.110362" level="INFO">Clicking button 'xpath=//*[@id="add-to-cart-or-refresh"]/div[2]/div/div[2]/button'.</msg>
<arg>${SINGLE_PRODUCT_PAGE_ADD_TO_CART_BUTTON}</arg>
<doc>Clicks the button identified by ``locator``.</doc>
<status status="PASS" start="2024-04-19T14:23:54.110362" elapsed="0.042886"/>
</kw>
<kw name="Mouse Up" owner="SeleniumLibrary">
<msg time="2024-04-19T14:23:54.153248" level="INFO">Simulating Mouse Up on element 'xpath=//*[@id="add-to-cart-or-refresh"]/div[2]/div/div[2]/button'.</msg>
<arg>${SINGLE_PRODUCT_PAGE_ADD_TO_CART_BUTTON}</arg>
<doc>Simulates releasing the left mouse button on the element ``locator``.</doc>
<status status="PASS" start="2024-04-19T14:23:54.153248" elapsed="0.291431"/>
</kw>
<status status="PASS" start="2024-04-19T14:23:53.827138" elapsed="0.617541"/>
</kw>
<kw name="Verify order modal is displayed" owner="OrderModal">
<kw name="Wait Until Element Is Visible" owner="SeleniumLibrary">
<arg>${ORDER_MODAL_BODY}</arg>
<arg>timeout=10s</arg>
<doc>Waits until the element ``locator`` is visible.</doc>
<status status="PASS" start="2024-04-19T14:23:54.444679" elapsed="1.517068"/>
</kw>
<kw name="Wait Until Page Contains Element" owner="SeleniumLibrary">
<arg>${ORDER_MODAL_HEADER}</arg>
<arg>timeout=10s</arg>
<doc>Waits until the element ``locator`` appears on the current page.</doc>
<status status="PASS" start="2024-04-19T14:23:55.961747" elapsed="0.009442"/>
</kw>
<status status="PASS" start="2024-04-19T14:23:54.444679" elapsed="1.526510"/>
</kw>
<kw name="Click &quot;Proceed to checkout&quot; button" owner="OrderModal">
<kw name="Click Element" owner="SeleniumLibrary">
<msg time="2024-04-19T14:23:55.971189" level="INFO">Clicking element 'xpath=//*[@id="blockcart-modal"]/div/div/div[2]/div/div[2]/div/div/a'.</msg>
<arg>${ORDER_MODAL_CHECKOUT_BUTTON}</arg>
<doc>Click the element identified by ``locator``.</doc>
<status status="PASS" start="2024-04-19T14:23:55.971189" elapsed="0.582163"/>
</kw>
<status status="PASS" start="2024-04-19T14:23:55.971189" elapsed="0.582163"/>
</kw>
<kw name="Verify Cart page loaded" owner="CartPage">
<kw name="Wait Until Page Contains Element" owner="SeleniumLibrary">
<arg>${CART_PAGE_HEADER}</arg>
<doc>Waits until the element ``locator`` appears on the current page.</doc>
<status status="PASS" start="2024-04-19T14:23:56.554360" elapsed="0.011807"/>
</kw>
<kw name="Page Should Contain Element" owner="SeleniumLibrary">
<msg time="2024-04-19T14:23:56.574183" level="INFO">Current page contains element 'xpath=//*[@id="main"]/div/div[1]/div/div[1]/h1'.</msg>
<arg>${CART_PAGE_HEADER}</arg>
<doc>Verifies that element ``locator`` is found on the current page.</doc>
<status status="PASS" start="2024-04-19T14:23:56.566167" elapsed="0.008016"/>
</kw>
<status status="PASS" start="2024-04-19T14:23:56.553352" elapsed="0.020831"/>
</kw>
<kw name="Click &quot;Proceed to checkout&quot; button" owner="CartPage">
<kw name="Click Element" owner="SeleniumLibrary">
<msg time="2024-04-19T14:23:56.574183" level="INFO">Clicking element 'xpath=//a[contains(text(),'Proceed to checkout')]'.</msg>
<arg>${CART_PAGE_CHECKOUT_BUTTON}</arg>
<doc>Click the element identified by ``locator``.</doc>
<status status="PASS" start="2024-04-19T14:23:56.574183" elapsed="0.446392"/>
</kw>
<status status="PASS" start="2024-04-19T14:23:56.574183" elapsed="0.446392"/>
</kw>
<kw name="Verify Checkout page &quot;Personal information&quot; loaded" owner="CheckoutPage">
<kw name="Wait Until Page Contains Element" owner="SeleniumLibrary">
<arg>${CHECKOUT_PAGE_PERSONAL_INFORMATION_HEADER}</arg>
<doc>Waits until the element ``locator`` appears on the current page.</doc>
<status status="PASS" start="2024-04-19T14:23:57.022315" elapsed="0.012880"/>
</kw>
<kw name="Page Should Contain Element" owner="SeleniumLibrary">
<msg time="2024-04-19T14:23:57.047028" level="INFO">Current page contains element 'xpath=//*[@id="checkout-personal-information-step"]/h1'.</msg>
<arg>${CHECKOUT_PAGE_PERSONAL_INFORMATION_HEADER}</arg>
<doc>Verifies that element ``locator`` is found on the current page.</doc>
<status status="PASS" start="2024-04-19T14:23:57.035195" elapsed="0.011833"/>
</kw>
<status status="PASS" start="2024-04-19T14:23:57.021587" elapsed="0.025441"/>
</kw>
<kw name="Click &quot;Addresses&quot; &quot;Continue&quot; button" owner="CheckoutPage">
<kw name="Click Button" owner="SeleniumLibrary">
<msg time="2024-04-19T14:23:57.049145" level="INFO">Clicking button 'xpath=//button[@name='confirm-addresses']'.</msg>
<arg>${CHECKOUT_PAGE_ADDRESSES_CONTINUE_BUTTON}</arg>
<doc>Clicks the button identified by ``locator``.</doc>
<status status="PASS" start="2024-04-19T14:23:57.048143" elapsed="1.064931"/>
</kw>
<status status="PASS" start="2024-04-19T14:23:57.048143" elapsed="1.064931"/>
</kw>
<kw name="Verify Checkout page &quot;Shipping method&quot; loaded" owner="CheckoutPage">
<kw name="Wait Until Page Contains Element" owner="SeleniumLibrary">
<arg>${CHECKOUT_PAGE_SHIPPING_METHOD_HEADER}</arg>
<doc>Waits until the element ``locator`` appears on the current page.</doc>
<status status="PASS" start="2024-04-19T14:23:58.114089" elapsed="0.016626"/>
</kw>
<kw name="Page Should Contain Element" owner="SeleniumLibrary">
<msg time="2024-04-19T14:23:58.139521" level="INFO">Current page contains element 'xpath=//*[@id="checkout-delivery-step"]/h1'.</msg>
<arg>${CHECKOUT_PAGE_SHIPPING_METHOD_HEADER}</arg>
<doc>Verifies that element ``locator`` is found on the current page.</doc>
<status status="PASS" start="2024-04-19T14:23:58.130715" elapsed="0.008806"/>
</kw>
<status status="PASS" start="2024-04-19T14:23:58.113074" elapsed="0.026447"/>
</kw>
<kw name="Choose shipping method &quot;My carrier&quot;" owner="CheckoutPage">
<kw name="Click Element" owner="SeleniumLibrary">
<msg time="2024-04-19T14:23:58.139521" level="INFO">Clicking element 'xpath=//*[@id="delivery_option_2"]'.</msg>
<arg>${CHECKOUT_PAGE_SHIPPING_METHOD_MY_CARRIER_RADIO_BUTTON}</arg>
<doc>Click the element identified by ``locator``.</doc>
<status status="PASS" start="2024-04-19T14:23:58.139521" elapsed="0.043648"/>
</kw>
<status status="PASS" start="2024-04-19T14:23:58.139521" elapsed="0.043648"/>
</kw>
<kw name="Click Shipping method &quot;Continue&quot; button" owner="CheckoutPage">
<kw name="Click Button" owner="SeleniumLibrary">
<msg time="2024-04-19T14:23:58.183169" level="INFO">Clicking button 'xpath=//button[@name='confirmDeliveryOption']'.</msg>
<arg>${CHECKOUT_PAGE_SHIPPING_METHOD_CONTINUE_BUTTON}</arg>
<doc>Clicks the button identified by ``locator``.</doc>
<status status="PASS" start="2024-04-19T14:23:58.183169" elapsed="0.994820"/>
</kw>
<status status="PASS" start="2024-04-19T14:23:58.183169" elapsed="0.994820"/>
</kw>
<kw name="Verify Checkout page &quot;Payment method&quot; loaded" owner="CheckoutPage">
<kw name="Wait Until Page Contains Element" owner="SeleniumLibrary">
<arg>${CHECKOUT_PAGE_PAYMENT_HEADER}</arg>
<doc>Waits until the element ``locator`` appears on the current page.</doc>
<status status="PASS" start="2024-04-19T14:23:59.177989" elapsed="0.015812"/>
</kw>
<kw name="Page Should Contain Element" owner="SeleniumLibrary">
<msg time="2024-04-19T14:23:59.205184" level="INFO">Current page contains element 'xpath=//*[@id="checkout-payment-step"]/h1'.</msg>
<arg>${CHECKOUT_PAGE_PAYMENT_HEADER}</arg>
<doc>Verifies that element ``locator`` is found on the current page.</doc>
<status status="PASS" start="2024-04-19T14:23:59.193801" elapsed="0.011383"/>
</kw>
<status status="PASS" start="2024-04-19T14:23:59.177989" elapsed="0.027195"/>
</kw>
<kw name="Choose payment method &quot;Pay by check&quot;" owner="CheckoutPage">
<kw name="Click Element" owner="SeleniumLibrary">
<msg time="2024-04-19T14:23:59.205184" level="INFO">Clicking element 'xpath=//*[@id="payment-option-1"]'.</msg>
<arg>${CHECKOUT_PAGE_PAYMENT_BY_CHECK_RADIO_BUTTON}</arg>
<doc>Click the element identified by ``locator``.</doc>
<status status="PASS" start="2024-04-19T14:23:59.205184" elapsed="0.045198"/>
</kw>
<status status="PASS" start="2024-04-19T14:23:59.205184" elapsed="0.045198"/>
</kw>
<kw name="Check &quot;I agree with the terms of service and will adhere to them unconditionally.&quot; Checkbox" owner="CheckoutPage">
<kw name="Click Element" owner="SeleniumLibrary">
<msg time="2024-04-19T14:23:59.250382" level="INFO">Clicking element 'id=conditions_to_approve[terms-and-conditions]'.</msg>
<arg>${CHECKOUT_PAGE_TERMS_OF_SERVICE_CHECKBOX}</arg>
<doc>Click the element identified by ``locator``.</doc>
<status status="PASS" start="2024-04-19T14:23:59.250382" elapsed="0.045138"/>
</kw>
<status status="PASS" start="2024-04-19T14:23:59.250382" elapsed="0.045138"/>
</kw>
<kw name="Click payment method &quot;Place order&quot; button" owner="CheckoutPage">
<kw name="Click Element" owner="SeleniumLibrary">
<msg time="2024-04-19T14:23:59.296504" level="INFO">Clicking element 'xpath=//*[@id="payment-confirmation"]/div[1]/button'.</msg>
<arg>${CHECKOUT_PAGE_PAYMENT_PLACE_ORDER_BUTTON}</arg>
<doc>Click the element identified by ``locator``.</doc>
<status status="PASS" start="2024-04-19T14:23:59.296504" elapsed="0.043625"/>
</kw>
<status status="PASS" start="2024-04-19T14:23:59.295520" elapsed="0.044609"/>
</kw>
<kw name="Verify Order Summary page loaded" owner="OrderSummaryPage">
<kw name="Wait Until Page Contains Element" owner="SeleniumLibrary">
<arg>${ORDER_SUMMARY_PAGE_HEADER}</arg>
<doc>Waits until the element ``locator`` appears on the current page.</doc>
<status status="PASS" start="2024-04-19T14:23:59.340129" elapsed="1.922637"/>
</kw>
<kw name="Page Should Contain Element" owner="SeleniumLibrary">
<msg time="2024-04-19T14:24:01.273038" level="INFO">Current page contains element 'xpath=//*[@id="order-items"]/div[1]/h3[1]'.</msg>
<arg>${ORDER_SUMMARY_PAGE_HEADER}</arg>
<doc>Verifies that element ``locator`` is found on the current page.</doc>
<status status="PASS" start="2024-04-19T14:24:01.263296" elapsed="0.009742"/>
</kw>
<status status="PASS" start="2024-04-19T14:23:59.340129" elapsed="1.932909"/>
</kw>
<kw name="Verify Order Summary page &quot;YOUR ORDER IS CONFIRMED&quot; message is displayed" owner="OrderSummaryPage">
<kw name="Wait Until Page Contains Element" owner="SeleniumLibrary">
<arg>${ORDER_SUMMARY_PAGE_ORDER_CONFIRMED_HEADER}</arg>
<doc>Waits until the element ``locator`` appears on the current page.</doc>
<status status="PASS" start="2024-04-19T14:24:01.273038" elapsed="0.013623"/>
</kw>
<kw name="Page Should Contain Element" owner="SeleniumLibrary">
<msg time="2024-04-19T14:24:01.293559" level="INFO">Current page contains element 'xpath=//*[@id="content-hook_order_confirmation"]/div/div/div/h3'.</msg>
<arg>${ORDER_SUMMARY_PAGE_ORDER_CONFIRMED_HEADER}</arg>
<doc>Verifies that element ``locator`` is found on the current page.</doc>
<status status="PASS" start="2024-04-19T14:24:01.286661" elapsed="0.006898"/>
</kw>
<status status="PASS" start="2024-04-19T14:24:01.273038" elapsed="0.020521"/>
</kw>
<status status="PASS" start="2024-04-19T14:23:48.646874" elapsed="12.647227"/>
</kw>
<kw name="End web test" owner="Common" type="TEARDOWN">
<kw name="Close Browser" owner="SeleniumLibrary">
<doc>Closes the current browser.</doc>
<status status="PASS" start="2024-04-19T14:24:01.295107" elapsed="2.171834"/>
</kw>
<kw name="Log" owner="BuiltIn">
<msg time="2024-04-19T14:24:03.467963" level="INFO">Ending the test case!</msg>
<arg>Ending the test case!</arg>
<doc>Logs the given message with the given level.</doc>
<status status="PASS" start="2024-04-19T14:24:03.466941" elapsed="0.001022"/>
</kw>
<status status="PASS" start="2024-04-19T14:24:01.294101" elapsed="2.173862"/>
</kw>
<doc>Place an order and go to own address</doc>
<tag>Functional</tag>
<tag>Place Order</tag>
<tag>TC_WS_010</tag>
<status status="PASS" start="2024-04-19T14:23:42.998056" elapsed="20.470879"/>
</test>
<status status="PASS" start="2024-04-19T14:23:42.235429" elapsed="21.233506"/>
</suite>
<statistics>
<total>
<stat pass="1" fail="0" skip="0">All Tests</stat>
</total>
<tag>
<stat pass="1" fail="0" skip="0">Functional</stat>
<stat pass="1" fail="0" skip="0">Place Order</stat>
<stat pass="1" fail="0" skip="0">TC_WS_010</stat>
</tag>
<suite>
<stat pass="1" fail="0" skip="0" id="s1" name="ValoriWebShopTests">ValoriWebShopTests</stat>
</suite>
</statistics>
<errors>
<msg time="2024-04-19T14:23:43.488530" level="WARN">The chromedriver version (123.0.6312.122) detected in PATH at C:\bin\chromedriver.exe might not be compatible with the detected chrome version (124.0.6367.61); currently, chromedriver 124.0.6367.60 is recommended for chrome 124.*, so it is advised to delete the driver in PATH and retry</msg>
</errors>
</robot>
